app/manifest-merger-release-report.txt
-- Merging decision tree log ---
manifest
ADDED from AndroidManifest.xml:2:1
	package
		ADDED from AndroidManifest.xml:4:5
		INJECTED from AndroidManifest.xml:0:0
		INJECTED from AndroidManifest.xml:0:0
	android:versionName
		INJECTED from AndroidManifest.xml:0:0
		INJECTED from AndroidManifest.xml:0:0
	xmlns:tools
		ADDED from AndroidManifest.xml:3:5
	xmlns:android
		ADDED from AndroidManifest.xml:2:11
	android:versionCode
		INJECTED from AndroidManifest.xml:0:0
		INJECTED from AndroidManifest.xml:0:0
application
ADDED from AndroidManifest.xml:6:5
	android:label
		ADDED from AndroidManifest.xml:9:9
	android:allowBackup
		ADDED from AndroidManifest.xml:7:9
	android:icon
		ADDED from AndroidManifest.xml:8:9
activity#com.freak.dashboard.Dashboard
ADDED from AndroidManifest.xml:10:9
	android:label
		ADDED from AndroidManifest.xml:11:19
	android:name
		ADDED from AndroidManifest.xml:10:19
intent-filter#android.intent.action.MAIN+android.intent.category.LAUNCHER
ADDED from AndroidManifest.xml:12:13
action#android.intent.action.MAIN
ADDED from AndroidManifest.xml:13:17
	android:name
		ADDED from AndroidManifest.xml:13:25
category#android.intent.category.LAUNCHER
ADDED from AndroidManifest.xml:14:17
	android:name
		ADDED from AndroidManifest.xml:14:27
intent-filter#android.intent.category.DEFAULT+com.freak.dashboard
ADDED from AndroidManifest.xml:16:13
action#com.freak.dashboard
ADDED from AndroidManifest.xml:17:14
	android:name
		ADDED from AndroidManifest.xml:17:22
category#android.intent.category.DEFAULT
ADDED from AndroidManifest.xml:18:11
	android:name
		ADDED from AndroidManifest.xml:18:21
activity#com.freak.dashboard.DashboardSettings
ADDED from AndroidManifest.xml:21:3
	android:excludeFromRecents
		ADDED from AndroidManifest.xml:22:19
	android:name
		ADDED from AndroidManifest.xml:21:13
intent-filter#android.intent.action.MAIN+android.intent.category.DEFAULT
ADDED from AndroidManifest.xml:23:13
receiver#com.freak.dashboard.BootReceiver
ADDED from AndroidManifest.xml:28:3
	android:enabled
		ADDED from AndroidManifest.xml:29:8
	android:exported
		ADDED from AndroidManifest.xml:30:8
	android:name
		ADDED from AndroidManifest.xml:28:13
intent-filter#android.intent.action.BOOT_COMPLETED
ADDED from AndroidManifest.xml:31:7
action#android.intent.action.BOOT_COMPLETED
ADDED from AndroidManifest.xml:32:11
	android:name
		ADDED from AndroidManifest.xml:32:19
service#com.freak.dashboard.DashboardService
ADDED from AndroidManifest.xml:35:3
	android:name
		ADDED from AndroidManifest.xml:35:12
uses-sdk
INJECTED from AndroidManifest.xml:0:0 reason: use-sdk injection requested
MERGED from Dashboard.AmbilWarna:library:unspecified:6:5
	android:targetSdkVersion
		INJECTED from AndroidManifest.xml:0:0
		INJECTED from AndroidManifest.xml:0:0
	android:minSdkVersion
		INJECTED from AndroidManifest.xml:0:0
		INJECTED from AndroidManifest.xml:0:0